2022-09-15 09:59:11,489 | INFO  | Refreshing org.apache.activemq.xbean.XBeanBrokerFactory$1@3b82ea76: startup date [Thu Sep 15 09:59:11 ICT 2022]; root of context hierarchy | org.apache.activemq.xbean.XBeanBrokerFactory$1 | WrapperSimpleAppMain
2022-09-15 09:59:17,116 | INFO  | Using Persistence Adapter: KahaDBPersistenceAdapter[T:\KTPM\appActive\apache-activemq-5.15.8\bin\win64\..\..\data\kahadb] | org.apache.activemq.broker.BrokerService | WrapperSimpleAppMain
2022-09-15 09:59:17,799 | INFO  | PListStore:[T:\KTPM\appActive\apache-activemq-5.15.8\bin\win64\..\..\data\localhost\tmp_storage] started | org.apache.activemq.store.kahadb.plist.PListStoreImpl | WrapperSimpleAppMain
2022-09-15 09:59:17,998 | INFO  | Apache ActiveMQ 5.15.8 (localhost, ID:H51M02-16979-1663210757816-0:1) is starting | org.apache.activemq.broker.BrokerService | WrapperSimpleAppMain
2022-09-15 09:59:18,071 | INFO  | Listening for connections at: tcp://H51M02:61616?maximumConnections=1000&wireFormat.maxFrameSize=104857600 | org.apache.activemq.transport.TransportServerThreadSupport | WrapperSimpleAppMain
2022-09-15 09:59:18,076 | INFO  | Connector openwire started | org.apache.activemq.broker.TransportConnector | WrapperSimpleAppMain
2022-09-15 09:59:18,082 | INFO  | Listening for connections at: amqp://H51M02:5672?maximumConnections=1000&wireFormat.maxFrameSize=104857600 | org.apache.activemq.transport.TransportServerThreadSupport | WrapperSimpleAppMain
2022-09-15 09:59:18,087 | INFO  | Connector amqp started | org.apache.activemq.broker.TransportConnector | WrapperSimpleAppMain
2022-09-15 09:59:18,095 | INFO  | Listening for connections at: stomp://H51M02:61613?maximumConnections=1000&wireFormat.maxFrameSize=104857600 | org.apache.activemq.transport.TransportServerThreadSupport | WrapperSimpleAppMain
2022-09-15 09:59:18,098 | INFO  | Connector stomp started | org.apache.activemq.broker.TransportConnector | WrapperSimpleAppMain
2022-09-15 09:59:18,107 | INFO  | Listening for connections at: mqtt://H51M02:1883?maximumConnections=1000&wireFormat.maxFrameSize=104857600 | org.apache.activemq.transport.TransportServerThreadSupport | WrapperSimpleAppMain
2022-09-15 09:59:18,110 | INFO  | Connector mqtt started | org.apache.activemq.broker.TransportConnector | WrapperSimpleAppMain
2022-09-15 09:59:18,121 | INFO  | Starting Jetty server | org.apache.activemq.transport.WebTransportServerSupport | WrapperSimpleAppMain
2022-09-15 09:59:18,187 | INFO  | Creating Jetty connector | org.apache.activemq.transport.WebTransportServerSupport | WrapperSimpleAppMain
2022-09-15 09:59:18,254 | WARN  | ServletContext@o.e.j.s.ServletContextHandler@4d6df1ac{/,null,STARTING} has uncovered http methods for path: / | org.eclipse.jetty.security.SecurityHandler | WrapperSimpleAppMain
2022-09-15 09:59:18,349 | INFO  | Listening for connections at ws://H51M02:61614?maximumConnections=1000&wireFormat.maxFrameSize=104857600 | org.apache.activemq.transport.ws.WSTransportServer | WrapperSimpleAppMain
2022-09-15 09:59:18,351 | INFO  | Connector ws started | org.apache.activemq.broker.TransportConnector | WrapperSimpleAppMain
2022-09-15 09:59:18,354 | INFO  | Apache ActiveMQ 5.15.8 (localhost, ID:H51M02-16979-1663210757816-0:1) started | org.apache.activemq.broker.BrokerService | WrapperSimpleAppMain
2022-09-15 09:59:18,356 | INFO  | For help or more information please see: http://activemq.apache.org | org.apache.activemq.broker.BrokerService | WrapperSimpleAppMain
2022-09-15 09:59:18,361 | WARN  | Store limit is 102400 mb (current store usage is 0 mb). The data directory: T:\KTPM\appActive\apache-activemq-5.15.8\bin\win64\..\..\data\kahadb only has 50656 mb of usable space. - resetting to maximum available disk space: 50656 mb | org.apache.activemq.broker.BrokerService | WrapperSimpleAppMain
2022-09-15 09:59:18,365 | WARN  | Temporary Store limit is 51200 mb (current store usage is 0 mb). The data directory: T:\KTPM\appActive\apache-activemq-5.15.8\bin\win64\..\..\data only has 50656 mb of usable space. - resetting to maximum available disk space: 50656 mb | org.apache.activemq.broker.BrokerService | WrapperSimpleAppMain
2022-09-15 09:59:19,592 | INFO  | No Spring WebApplicationInitializer types detected on classpath | /admin | WrapperSimpleAppMain
2022-09-15 09:59:20,945 | INFO  | ActiveMQ WebConsole available at http://0.0.0.0:8161/ | org.apache.activemq.web.WebConsoleStarter | WrapperSimpleAppMain
2022-09-15 09:59:20,946 | INFO  | ActiveMQ Jolokia REST API available at http://0.0.0.0:8161/api/jolokia/ | org.apache.activemq.web.WebConsoleStarter | WrapperSimpleAppMain
2022-09-15 09:59:21,036 | INFO  | Initializing Spring FrameworkServlet 'dispatcher' | /admin | WrapperSimpleAppMain
2022-09-15 09:59:21,420 | INFO  | No Spring WebApplicationInitializer types detected on classpath | /api | WrapperSimpleAppMain
2022-09-15 09:59:21,610 | INFO  | jolokia-agent: Using policy access restrictor classpath:/jolokia-access.xml | /api | WrapperSimpleAppMain
2022-09-15 10:06:08,951 | WARN  | Transport Connection to: tcp://0:0:0:0:0:0:0:1:17171 failed: java.net.SocketException: Connection reset | org.apache.activemq.broker.TransportConnection.Transport | ActiveMQ Transport: tcp:///0:0:0:0:0:0:0:1:17171@61616
2022-09-15 10:31:58,618 | WARN  | Transport Connection to: tcp://0:0:0:0:0:0:0:1:17477 failed: java.net.SocketException: Connection reset | org.apache.activemq.broker.TransportConnection.Transport | ActiveMQ Transport: tcp:///0:0:0:0:0:0:0:1:17477@61616
2022-09-15 10:42:51,421 | WARN  | Transport Connection to: tcp://127.0.0.1:17302 failed: java.net.SocketException: Connection reset | org.apache.activemq.broker.TransportConnection.Transport | ActiveMQ Transport: tcp:///127.0.0.1:17302@61616
